

HI-TECH Software PIC LITE Macro Assembler V9.83 build 10920 
                                                                                               Fri Apr 07 11:07:54 2017

HI-TECH Software Omniscient Code Generator (Lite mode) build 10920
     1  0000                     opt subtitle "HI-TECH Software Omniscient Code Generator (Lite mode) build 10920"
     2                           
     3                           opt pagewidth 120
     4                           
     5                           	opt lm
     6                           
     7                           	processor	16F690
     8                           clrc	macro
     9                           	bcf	3,0
    10  0000                     	endm
    11                           clrz	macro
    12                           	bcf	3,2
    13  0000                     	endm
    14                           setc	macro
    15                           	bsf	3,0
    16  0000                     	endm
    17                           setz	macro
    18                           	bsf	3,2
    19  0000                     	endm
    20                           skipc	macro
    21                           	btfss	3,0
    22  0000                     	endm
    23                           skipz	macro
    24                           	btfss	3,2
    25  0000                     	endm
    26                           skipnc	macro
    27                           	btfsc	3,0
    28  0000                     	endm
    29                           skipnz	macro
    30                           	btfsc	3,2
    31  0000                     	endm
    32  0000                     indf	equ	0
    33  0000                     indf0	equ	0
    34  0002                     pc	equ	2
    35  0002                     pcl	equ	2
    36  0003                     status	equ	3
    37  0004                     fsr	equ	4
    38  0004                     fsr0	equ	4
    39  0001                     c	equ	1
    40  0000                     z	equ	0
    41  000A                     pclath	equ	10
    42                           # 10 "E:\C\ADC\adc.c"
    43                           	psect config,class=CONFIG,delta=2 ;#
    44                           # 10 "E:\C\ADC\adc.c"
    45  2007  F0D4               	dw 0xFFFC & 0xFFF7 & 0xFFFF & 0xFFDF & 0xFFFF & 0xFFFF & 0xFCFF & 0xFBFF & 0xF7FF ;#
    46                           	FNCALL	_main,_init_hardware
    47                           	FNROOT	_main
    48                           	global	_ADCON0
    49                           psect	text76,local,class=CODE,delta=2
    50                           global __ptext76
    51  0000                     __ptext76:
    52  001F                     _ADCON0	set	31
    53                           	global	_ADRESH
    54  001E                     _ADRESH	set	30
    55                           	global	_PORTA
    56  0005                     _PORTA	set	5
    57                           	global	_PORTB
    58  0006                     _PORTB	set	6
    59                           	global	_PORTC
    60  0007                     _PORTC	set	7
    61                           	global	_CARRY
    62  0018                     _CARRY	set	24
    63                           	global	_GIE
    64  005F                     _GIE	set	95
    65                           	global	_GO_DONE
    66  00F9                     _GO_DONE	set	249
    67                           	global	_TRISA
    68  0085                     _TRISA	set	133
    69                           	global	_TRISB
    70  0086                     _TRISB	set	134
    71                           	global	_TRISC
    72  0087                     _TRISC	set	135
    73                           	global	_ANSEL
    74  011E                     _ANSEL	set	286
    75                           	global	_ANSELH
    76  011F                     _ANSELH	set	287
    77                           	global	_EEADR
    78  010D                     _EEADR	set	269
    79                           	global	_EEDATA
    80  010C                     _EEDATA	set	268
    81                           	global	_EECON1
    82  018C                     _EECON1	set	396
    83                           	global	_EECON2
    84  018D                     _EECON2	set	397
    85                           	global	_RD
    86  0C60                     _RD	set	3168
    87                           	global	_WR
    88  0C61                     _WR	set	3169
    89                           	global	_WREN
    90  0C62                     _WREN	set	3170
    91                           	file	"ADC.as"
    92                           	line	#
    93                           psect cinit,class=CODE,delta=2
    94                           global start_initialization
    95  07CD                     start_initialization:
    96                           
    97                           psect cinit,class=CODE,delta=2
    98                           global end_of_initialization
    99                           
   100                           ;End of C runtime variable initialization code
   101                           
   102  07CD                     end_of_initialization:
   103  07CD  0183               clrf status
   104  07CE  118A  2FE3         ljmp _main	;jump to C main() function
   105                           psect	cstackCOMMON,class=COMMON,space=1
   106                           global __pcstackCOMMON
   107  0070                     __pcstackCOMMON:
   108                           	global	?_init_hardware
   109  0070                     ?_init_hardware:	; 0 bytes @ 0x0
   110                           	global	??_init_hardware
   111  0070                     ??_init_hardware:	; 0 bytes @ 0x0
   112                           	global	?_main
   113  0070                     ?_main:	; 0 bytes @ 0x0
   114                           	global	??_main
   115  0070                     ??_main:	; 0 bytes @ 0x0
   116  0070                     	ds	2
   117 ;;Data sizes: Strings 0, constant 0, data 0, bss 0, persistent 0 stack 0
   118 ;;Auto spaces:   Size  Autos    Used
   119 ;; COMMON          14      2       2
   120 ;; BANK0           80      0       0
   121 ;; BANK1           80      0       0
   122 ;; BANK2           80      0       0
   123                           
   124 ;;
   125 ;; Pointer list with targets:
   126                           
   127                           
   128                           
   129 ;;
   130 ;; Critical Paths under _main in COMMON
   131 ;;
   132 ;;   None.
   133 ;;
   134 ;; Critical Paths under _main in BANK0
   135 ;;
   136 ;;   None.
   137 ;;
   138 ;; Critical Paths under _main in BANK1
   139 ;;
   140 ;;   None.
   141 ;;
   142 ;; Critical Paths under _main in BANK2
   143 ;;
   144 ;;   None.
   145                           
   146 ;;
   147 ;;Main: autosize = 0, tempsize = 2, incstack = 0, save=0
   148 ;;
   149                           
   150 ;;
   151 ;;Call Graph Tables:
   152 ;;
   153 ;; ---------------------------------------------------------------------------------
   154 ;; (Depth) Function   	        Calls       Base Space   Used Autos Params    Refs
   155 ;; ---------------------------------------------------------------------------------
   156 ;; (0) _main                                                 2     2      0       0
   157 ;;                                              0 COMMON     2     2      0
   158 ;;                      _init_hardware
   159 ;; ---------------------------------------------------------------------------------
   160 ;; (1) _init_hardware                                        0     0      0       0
   161 ;; ---------------------------------------------------------------------------------
   162 ;; Estimated maximum stack depth 1
   163 ;; ---------------------------------------------------------------------------------
   164                           
   165 ;; Call Graph Graphs:
   166                           
   167 ;; _main (ROOT)
   168 ;;   _init_hardware
   169 ;;
   170                           
   171 ;; Address spaces:
   172                           
   173 ;;Name               Size   Autos  Total    Cost      Usage
   174 ;;BITCOMMON            E      0       0       0        0.0%
   175 ;;EEDATA             100      0       0       0        0.0%
   176 ;;NULL                 0      0       0       0        0.0%
   177 ;;CODE                 0      0       0       0        0.0%
   178 ;;COMMON               E      2       2       1       14.3%
   179 ;;BITSFR0              0      0       0       1        0.0%
   180 ;;SFR0                 0      0       0       1        0.0%
   181 ;;BITSFR1              0      0       0       2        0.0%
   182 ;;SFR1                 0      0       0       2        0.0%
   183 ;;STACK                0      0       1       2        0.0%
   184 ;;BANK0               50      0       0       3        0.0%
   185 ;;BITBANK1            50      0       0       4        0.0%
   186 ;;BITSFR3              0      0       0       4        0.0%
   187 ;;SFR3                 0      0       0       4        0.0%
   188 ;;BANK1               50      0       0       5        0.0%
   189 ;;BITSFR2              0      0       0       5        0.0%
   190 ;;SFR2                 0      0       0       5        0.0%
   191 ;;BITBANK2            50      0       0       6        0.0%
   192 ;;BANK2               50      0       0       7        0.0%
   193 ;;ABS                  0      0       0       8        0.0%
   194 ;;BITBANK0            50      0       0       9        0.0%
   195 ;;DATA                 0      0       0      10        0.0%
   196                           
   197                           	global	_main
   198                           psect	maintext,global,class=CODE,delta=2
   199                           global __pmaintext
   200  07E3                     __pmaintext:
   201                           
   202 ;; *************** function _main *****************
   203 ;; Defined at:
   204 ;;		line 28 in file "E:\C\ADC\adc.c"
   205 ;; Parameters:    Size  Location     Type
   206 ;;		None
   207 ;; Auto vars:     Size  Location     Type
   208 ;;		None
   209 ;; Return value:  Size  Location     Type
   210 ;;		None               void
   211 ;; Registers used:
   212 ;;		wreg, status,2, status,0, pclath, cstack
   213 ;; Tracked objects:
   214 ;;		On entry : 17F/0
   215 ;;		On exit  : 0/0
   216 ;;		Unchanged: 0/0
   217 ;; Data sizes:     COMMON   BANK0   BANK1   BANK2
   218 ;;      Params:         0       0       0       0
   219 ;;      Locals:         0       0       0       0
   220 ;;      Temps:          2       0       0       0
   221 ;;      Totals:         2       0       0       0
   222 ;;Total ram usage:        2 bytes
   223 ;; Hardware stack levels required when called:    1
   224 ;; This function calls:
   225 ;;		_init_hardware
   226 ;; This function is called by:
   227 ;;		Startup code after reset
   228 ;; This function uses a non-reentrant model
   229 ;;
   230                           psect	maintext
   231                           	file	"E:\C\ADC\adc.c"
   232                           	line	28
   233                           	global	__size_of_main
   234  001D                     	__size_of_main	equ	__end_of_main-_main
   235                           	
   236  07E3                     _main:	
   237                           	opt	stack 7
   238                           ; Regs used in _main: [wreg+status,2+status,0+pclath+cstack]
   239                           	line	29
   240                           	
   241  07E3                     l2989:	
   242                           ;adc.c: 29: init_hardware();
   243  07E3  118A  27D0  118A   	fcall	_init_hardware
   244  07E6  2FE7               	goto	l2991
   245                           	line	31
   246                           ;adc.c: 31: while(1)
   247                           	
   248  07E7                     l891:	
   249                           	line	33
   250                           	
   251  07E7                     l2991:	
   252                           ;adc.c: 32: {
   253                           ;adc.c: 33: GO_DONE = 1;
   254  07E7  1283               	bcf	status, 5	;RP0=0, select bank0
   255  07E8  1303               	bcf	status, 6	;RP1=0, select bank0
   256  07E9  149F               	bsf	(249/8),(249)&7
   257                           	line	34
   258                           ;adc.c: 34: while ( GO_DONE = 1)
   259  07EA  2FEB               	goto	l892
   260                           	
   261  07EB                     l893:	
   262                           	line	37
   263                           ;adc.c: 35: {
   264                           	
   265  07EB                     l892:	
   266                           	line	34
   267  07EB  149F               	bsf	(249/8),(249)&7
   268  07EC  189F               	btfsc	(249/8),(249)&7
   269  07ED  2FEF               	goto	u2221
   270  07EE  2FF0               	goto	u2220
   271  07EF                     u2221:
   272  07EF  2FEB               	goto	l892
   273  07F0                     u2220:
   274  07F0  2FF1               	goto	l2993
   275                           	
   276  07F1                     l894:	
   277                           	line	38
   278                           	
   279  07F1                     l2993:	
   280                           ;adc.c: 37: }
   281                           ;adc.c: 38: PORTC = ADRESH;
   282  07F1  081E               	movf	(30),w	;volatile
   283  07F2  0087               	movwf	(7)	;volatile
   284                           	line	39
   285                           ;adc.c: 39: _delay(100000);
   286                           	opt asmopt_off
   287  07F3  3082               movlw	130
   288  07F4  00F1               movwf	((??_main+0)+0+1),f
   289  07F5  30DD               	movlw	221
   290  07F6  00F0               movwf	((??_main+0)+0),f
   291  07F7                     u2237:
   292  07F7  0BF0               	decfsz	((??_main+0)+0),f
   293  07F8  2FF7               	goto	u2237
   294  07F9  0BF1               	decfsz	((??_main+0)+0+1),f
   295  07FA  2FF7               	goto	u2237
   296  07FB  2FFC               	nop2
   297                           opt asmopt_on
   298                           
   299  07FC  2FE7               	goto	l2991
   300                           	line	40
   301                           	
   302  07FD                     l895:	
   303                           	line	31
   304  07FD  2FE7               	goto	l2991
   305                           	
   306  07FE                     l896:	
   307                           	line	41
   308                           	
   309  07FE                     l897:	
   310                           	global	start
   311  07FE  118A  2800         	ljmp	start
   312                           	opt stack 0
   313                           GLOBAL	__end_of_main
   314  0800                     	__end_of_main:
   315 ;; =============== function _main ends ============
   316                           
   317                           	signat	_main,88
   318                           	global	_init_hardware
   319                           psect	text77,local,class=CODE,delta=2
   320                           global __ptext77
   321  07D0                     __ptext77:
   322                           
   323 ;; *************** function _init_hardware *****************
   324 ;; Defined at:
   325 ;;		line 44 in file "E:\C\ADC\adc.c"
   326 ;; Parameters:    Size  Location     Type
   327 ;;		None
   328 ;; Auto vars:     Size  Location     Type
   329 ;;		None
   330 ;; Return value:  Size  Location     Type
   331 ;;		None               void
   332 ;; Registers used:
   333 ;;		wreg, status,2
   334 ;; Tracked objects:
   335 ;;		On entry : 0/0
   336 ;;		On exit  : 0/0
   337 ;;		Unchanged: 0/0
   338 ;; Data sizes:     COMMON   BANK0   BANK1   BANK2
   339 ;;      Params:         0       0       0       0
   340 ;;      Locals:         0       0       0       0
   341 ;;      Temps:          0       0       0       0
   342 ;;      Totals:         0       0       0       0
   343 ;;Total ram usage:        0 bytes
   344 ;; Hardware stack levels used:    1
   345 ;; This function calls:
   346 ;;		Nothing
   347 ;; This function is called by:
   348 ;;		_main
   349 ;; This function uses a non-reentrant model
   350 ;;
   351                           psect	text77
   352                           	file	"E:\C\ADC\adc.c"
   353                           	line	44
   354                           	global	__size_of_init_hardware
   355  0013                     	__size_of_init_hardware	equ	__end_of_init_hardware-_init_hardware
   356                           	
   357  07D0                     _init_hardware:	
   358                           	opt	stack 7
   359                           ; Regs used in _init_hardware: [wreg+status,2]
   360                           	line	46
   361                           	
   362  07D0                     l2123:	
   363                           ;adc.c: 46: ANSEL = 0b00000000;
   364  07D0  1283               	bcf	status, 5	;RP0=0, select bank2
   365  07D1  1703               	bsf	status, 6	;RP1=1, select bank2
   366  07D2  019E               	clrf	(286)^0100h	;volatile
   367                           	line	47
   368                           ;adc.c: 47: ANSELH = 0b00000000;
   369  07D3  019F               	clrf	(287)^0100h	;volatile
   370                           	line	50
   371                           	
   372  07D4                     l2125:	
   373                           ;adc.c: 50: TRISA = 0b00110000;
   374  07D4  3030               	movlw	(030h)
   375  07D5  1683               	bsf	status, 5	;RP0=1, select bank1
   376  07D6  1303               	bcf	status, 6	;RP1=0, select bank1
   377  07D7  0085               	movwf	(133)^080h	;volatile
   378                           	line	51
   379                           	
   380  07D8                     l2127:	
   381                           ;adc.c: 51: TRISB = 0b00100000;
   382  07D8  3020               	movlw	(020h)
   383  07D9  0086               	movwf	(134)^080h	;volatile
   384                           	line	52
   385                           ;adc.c: 52: TRISC = 0b00000000;
   386  07DA  0187               	clrf	(135)^080h	;volatile
   387                           	line	55
   388                           ;adc.c: 55: PORTA = 0b00000000;
   389  07DB  1283               	bcf	status, 5	;RP0=0, select bank0
   390  07DC  1303               	bcf	status, 6	;RP1=0, select bank0
   391  07DD  0185               	clrf	(5)	;volatile
   392                           	line	56
   393                           ;adc.c: 56: PORTB = 0b00000000;
   394  07DE  0186               	clrf	(6)	;volatile
   395                           	line	57
   396                           ;adc.c: 57: PORTC = 0b00000000;
   397  07DF  0187               	clrf	(7)	;volatile
   398                           	line	58
   399                           	
   400  07E0                     l2129:	
   401                           ;adc.c: 58: ADCON0 = 0b00101101;
   402  07E0  302D               	movlw	(02Dh)
   403  07E1  009F               	movwf	(31)	;volatile
   404                           	line	59
   405                           	
   406  07E2                     l900:	
   407  07E2  0008               	return
   408                           	opt stack 0
   409                           GLOBAL	__end_of_init_hardware
   410  07E3                     	__end_of_init_hardware:
   411 ;; =============== function _init_hardware ends ============
   412                           
   413                           	signat	_init_hardware,88
   414                           psect	text78,local,class=CODE,delta=2
   415                           global __ptext78
   416  0000                     __ptext78:
   417                           	global	btemp
   418  007E                     	btemp set 07Eh
   419                           
   420                           	DABS	1,126,2	;btemp
   421                           	global	wtemp0
   422  007E                     	wtemp0 set btemp


HI-TECH Software PICC Macro Assembler V9.83 build 10920 
Symbol Table                                                                                   Fri Apr 07 11:07:54 2017

                    _RD 0C60                      _WR 0C61                     l900 07E2                     l891 07E7  
                   l892 07EB                     l893 07EB                     l894 07F1                     l895 07FD  
                   l896 07FE                     l897 07FE                     _GIE 005F                    l2123 07D0  
                  l2125 07D4                    l2127 07D8                    l2129 07E0                    l2991 07E7  
                  l2993 07F1                    l2989 07E3                    u2220 07F0                    u2221 07EF  
                  u2237 07F7                    _WREN 0C62                    _main 07E3                    btemp 007E  
                  start 0000                   ?_main 0070                   _EEADR 010D                   _CARRY 0018  
                 _ANSEL 011E                   _PORTA 0005                   _PORTB 0006                   _PORTC 0007  
                 _TRISA 0085                   _TRISB 0086                   _TRISC 0087                   status 0003  
                 wtemp0 007E            __end_of_main 0800                  ??_main 0070                  _ADCON0 001F  
                _ADRESH 001E                  _EEDATA 010C                  _EECON1 018C                  _EECON2 018D  
                _ANSELH 011F  __size_of_init_hardware 0013          __pcstackCOMMON 0070           _init_hardware 07D0  
            __pmaintext 07E3          ?_init_hardware 0070                 _GO_DONE 00F9    end_of_initialization 07CD  
       ??_init_hardware 0070     start_initialization 07CD   __end_of_init_hardware 07E3                __ptext76 0000  
              __ptext77 07D0                __ptext78 0000           __size_of_main 001D  
